<?xml version="1.0" encoding="UTF-8"?>
<!-- Generated by org.testng.reporters.JUnitReportReporter -->
<testsuite skipped="0" hostname="HP" name="testCases.requestService" tests="1" failures="0" timestamp="04 Jan 2018 14:13:13 GMT" time="38.295" errors="0">
  <testcase name="Tc_SPO_03" time="38.295" classname="testCases.requestService"/>
</testsuite> <!-- testCases.requestService -->
