<?xml version="1.0" encoding="UTF-8"?>
<!-- Generated by org.testng.reporters.JUnitReportReporter -->
<testsuite skipped="0" hostname="HP" name="testCases.organization" tests="1" failures="0" timestamp="08 Jan 2018 13:02:13 GMT" time="108.288" errors="0">
  <testcase name="TC_ORG_01" time="108.288" classname="testCases.organization"/>
</testsuite> <!-- testCases.organization -->
