<?xml version="1.0" encoding="UTF-8"?>
<!-- Generated by org.testng.reporters.JUnitReportReporter -->
<testsuite skipped="0" hostname="HP" name="testCases.shipments" tests="1" failures="0" timestamp="08 Jan 2018 08:34:02 GMT" time="98.202" errors="0">
  <testcase name="Tc_SH_01" time="98.202" classname="testCases.shipments"/>
</testsuite> <!-- testCases.shipments -->
