<?xml version="1.0" encoding="UTF-8"?>
<!-- Generated by org.testng.reporters.JUnitReportReporter -->
<testsuite skipped="0" hostname="HP" name="testCases.facility" tests="4" failures="0" timestamp="09 Jan 2018 13:02:06 GMT" time="216.702" errors="0">
  <testcase name="Tc_Fac_04" time="51.453" classname="testCases.facility"/>
  <testcase name="Tc_Fac_01" time="59.329" classname="testCases.facility"/>
  <testcase name="Tc_Fac_02" time="55.104" classname="testCases.facility"/>
  <testcase name="Tc_Fac_03" time="50.816" classname="testCases.facility"/>
</testsuite> <!-- testCases.facility -->
