<?xml version="1.0" encoding="UTF-8"?>
<!-- Generated by org.testng.reporters.JUnitReportReporter -->
<testsuite skipped="0" hostname="HP" name="testCases.testCases" tests="1" failures="0" timestamp="29 Dec 2017 11:07:18 GMT" time="46.446" errors="0">
  <testcase name="Tc_Shop_2_3" time="46.446" classname="testCases.testCases"/>
</testsuite> <!-- testCases.testCases -->
