<?xml version="1.0" encoding="UTF-8"?>
<!-- Generated by org.testng.reporters.JUnitReportReporter -->
<testsuite skipped="0" hostname="HP" name="testCases.users" tests="5" failures="0" timestamp="09 Jan 2018 13:20:11 GMT" time="330.827" errors="0">
  <testcase name="Tc_Users_06" time="55.616" classname="testCases.users"/>
  <testcase name="Tc_Users_03_08" time="62.082" classname="testCases.users"/>
  <testcase name="Tc_Users_04_08" time="61.772" classname="testCases.users"/>
  <testcase name="Tc_Users_02" time="85.497" classname="testCases.users"/>
  <testcase name="Tc_Users_01" time="65.860" classname="testCases.users"/>
</testsuite> <!-- testCases.users -->
