<?xml version="1.0" encoding="UTF-8"?>
<!-- Generated by org.testng.reporters.JUnitReportReporter -->
<testsuite skipped="0" hostname="HP" name="testCases.testCases" tests="1" failures="0" timestamp="03 Jan 2018 13:58:30 GMT" time="82.827" errors="0">
  <testcase name="Tc_Cart_14" time="82.827" classname="testCases.testCases"/>
</testsuite> <!-- testCases.testCases -->
